<?xml version="1.0" encoding="UTF-8" ?>
<testsuite tests="4" failures="0" name="cs.dit.mapper.TestBoard" time="0.054" errors="0" skipped="0">
  <properties>
[...]
</properties>
  <testcase classname="cs.dit.mapper.TestBoard" name="testRead" time="0.016"/>
  <testcase classname="cs.dit.mapper.TestBoard" name="testDelete" time="0"/>
  <testcase classname="cs.dit.mapper.TestBoard" name="testInsert" time="0"/>
  <testcase classname="cs.dit.mapper.TestBoard" name="tesGetLit" time="0.038"/>
</testsuite>